2015-01-27T20:24:23,359 [INFO ][ult-dispatcher-2][                       InfoLoger] - Start BD Manager
2015-01-27T20:24:29,199 [INFO ][ult-dispatcher-2][                       InfoLoger] - Start new UserActor akka://hostsystem/user/userManager/$a
2015-01-27T20:24:29,199 [INFO ][ult-dispatcher-5][                       InfoLoger] - Start new UserActor akka://hostsystem/user/userManager/$b
2015-01-27T20:25:46,124 [INFO ][ult-dispatcher-4][                       InfoLoger] - Start BD Manager
2015-01-27T20:28:47,826 [INFO ][ult-dispatcher-3][                       InfoLoger] - Start BD Manager
2015-01-27T20:28:47,957 [INFO ][ult-dispatcher-5][                       InfoLoger] - Start BD Manager
2015-01-27T20:30:36,692 [INFO ][ult-dispatcher-3][                       InfoLoger] - Start BD Manager
2015-01-27T20:30:36,733 [INFO ][ult-dispatcher-5][                       InfoLoger] - Start BD Manager
2015-01-27T21:48:06,754 [INFO ][ult-dispatcher-2][                       InfoLoger] - Start new UserActor akka://hostsystem/user/userManager/$b
2015-01-27T21:48:06,754 [INFO ][ult-dispatcher-3][                       InfoLoger] - Start new UserActor akka://hostsystem/user/userManager/$a
2015-01-27T21:48:06,754 [INFO ][ult-dispatcher-4][                       InfoLoger] - Start Intent Manager
2015-01-27T21:49:47,349 [INFO ][ult-dispatcher-5][                       InfoLoger] - Start BD Manager
2015-01-27T21:49:47,394 [INFO ][ult-dispatcher-4][                       InfoLoger] - Start Intent Manager
2015-01-27T21:51:09,197 [INFO ][ult-dispatcher-3][                       InfoLoger] - Start Intent Manager
2015-01-27T21:51:09,195 [INFO ][ult-dispatcher-4][                       InfoLoger] - Start BD Manager
2015-01-27T21:57:19,241 [INFO ][ult-dispatcher-5][                       InfoLoger] - Start BD Manager
2015-01-27T21:57:19,241 [INFO ][ult-dispatcher-4][                       InfoLoger] - Start Intent Manager
2015-01-27T22:27:33,944 [INFO ][ult-dispatcher-3][                       InfoLoger] - Start Intent Manager
2015-01-27T22:27:34,257 [INFO ][ult-dispatcher-4][                       InfoLoger] - Start new UserActor akka://hostsystem/user/userManager/$a
2015-01-27T22:27:34,258 [INFO ][ult-dispatcher-5][                       InfoLoger] - Start new UserActor akka://hostsystem/user/userManager/$b
2015-01-27T23:42:30,088 [INFO ][ult-dispatcher-6][                       InfoLoger] - Start Intent Manager
2015-01-27T23:42:30,145 [INFO ][ult-dispatcher-6][                       InfoLoger] - Start new UserActor akka://hostsystem/user/userManager/$a
2015-01-27T23:42:30,145 [INFO ][ult-dispatcher-4][                       InfoLoger] - Start new UserActor akka://hostsystem/user/userManager/$b
2015-01-28T00:12:50,738 [INFO ][ult-dispatcher-2][                       InfoLoger] - Start BD Manager
2015-01-28T00:12:51,559 [INFO ][ult-dispatcher-8][                       InfoLoger] - Start new UserActor akka://hostsystem/user/userManager/$a
2015-01-28T00:12:51,559 [INFO ][ult-dispatcher-6][                       InfoLoger] - Start new UserActor akka://hostsystem/user/userManager/$b
2015-01-28T00:39:04,498 [INFO ][ult-dispatcher-2][                       InfoLoger] - Start Intent Manager
2015-01-28T00:39:04,602 [INFO ][ult-dispatcher-7][                       InfoLoger] - Start new UserActor akka://hostsystem/user/userManager/$a
2015-01-28T00:39:04,603 [INFO ][ult-dispatcher-7][                       InfoLoger] - Start new UserActor akka://hostsystem/user/userManager/$b
2015-01-28T10:23:45,778 [INFO ][ult-dispatcher-2][                       InfoLoger] - Start BD Manager
2015-01-28T10:23:49,451 [INFO ][ult-dispatcher-2][                       InfoLoger] - Start new UserActor akka://hostsystem/user/userManager/$a
2015-01-28T10:23:49,451 [INFO ][ult-dispatcher-5][                       InfoLoger] - Start new UserActor akka://hostsystem/user/userManager/$b
2015-01-28T10:26:07,527 [INFO ][ult-dispatcher-5][                       InfoLoger] - Start new UserActor akka://hostsystem/user/userManager/$b
2015-01-28T10:26:07,529 [INFO ][ult-dispatcher-4][                       InfoLoger] - Start new UserActor akka://hostsystem/user/userManager/$a
2015-01-28T10:26:07,529 [INFO ][ult-dispatcher-2][                       InfoLoger] - Start Intent Manager
2015-01-28T10:28:33,285 [INFO ][ult-dispatcher-7][                       InfoLoger] - Start new UserActor akka://hostsystem/user/userManager/$a
2015-01-28T10:28:33,288 [INFO ][ult-dispatcher-7][                       InfoLoger] - Start new UserActor akka://hostsystem/user/userManager/$b
2015-01-28T10:28:33,308 [INFO ][ult-dispatcher-4][                       InfoLoger] - Start Intent Manager
2015-01-28T10:30:22,068 [INFO ][ult-dispatcher-2][                       InfoLoger] - Start BD Manager
2015-01-28T10:30:22,688 [INFO ][ult-dispatcher-2][                       InfoLoger] - Start new UserActor akka://hostsystem/user/userManager/$a
2015-01-28T10:30:22,688 [INFO ][ult-dispatcher-5][                       InfoLoger] - Start new UserActor akka://hostsystem/user/userManager/$b
2015-01-28T10:34:52,268 [INFO ][ult-dispatcher-3][                       InfoLoger] - Start BD Manager
2015-01-28T10:34:52,420 [INFO ][ult-dispatcher-5][                       InfoLoger] - Start BD Manager
2015-01-28T10:37:28,415 [INFO ][ult-dispatcher-3][                       InfoLoger] - Start BD Manager
2015-01-28T10:37:28,491 [INFO ][ult-dispatcher-5][                       InfoLoger] - Start BD Manager
2015-01-28T10:38:28,564 [INFO ][ult-dispatcher-6][                       InfoLoger] - Start BD Manager
2015-01-28T10:38:29,189 [INFO ][ult-dispatcher-2][                       InfoLoger] - Start new UserActor akka://hostsystem/user/userManager/$a
2015-01-28T10:38:29,193 [INFO ][ult-dispatcher-3][                       InfoLoger] - Start new UserActor akka://hostsystem/user/userManager/$b
2015-01-28T10:55:05,785 [INFO ][ult-dispatcher-3][                       InfoLoger] - Start BD Manager
2015-01-28T10:55:06,048 [INFO ][ult-dispatcher-4][                       InfoLoger] - Start new UserActor akka://hostsystem/user/userManager/$a
2015-01-28T10:55:06,049 [INFO ][ult-dispatcher-5][                       InfoLoger] - Start new UserActor akka://hostsystem/user/userManager/$b
2015-01-28T10:56:12,066 [INFO ][ult-dispatcher-5][                       InfoLoger] - Start BD Manager
2015-01-28T10:56:12,473 [INFO ][ult-dispatcher-3][                       InfoLoger] - Start new UserActor akka://hostsystem/user/userManager/$a
2015-01-28T10:56:12,474 [INFO ][ult-dispatcher-2][                       InfoLoger] - Start new UserActor akka://hostsystem/user/userManager/$b
2015-01-28T11:01:53,837 [INFO ][ult-dispatcher-6][                       InfoLoger] - Start BD Manager
2015-01-28T11:01:53,950 [INFO ][ult-dispatcher-2][                       InfoLoger] - Start Intent Manager
2015-01-28T11:01:54,380 [INFO ][ult-dispatcher-3][                       InfoLoger] - Start new UserActor akka://hostsystem/user/userManager/$a
2015-01-28T11:01:54,389 [INFO ][ult-dispatcher-5][                       InfoLoger] - Start new UserActor akka://hostsystem/user/userManager/$b
2015-01-28T11:04:13,379 [INFO ][lt-dispatcher-10][                       InfoLoger] - Start BD Manager
2015-01-28T11:04:14,240 [INFO ][ult-dispatcher-8][                       InfoLoger] - Start new UserActor akka://hostsystem/user/userManager/$a
2015-01-28T11:04:14,241 [INFO ][ult-dispatcher-6][                       InfoLoger] - Start new UserActor akka://hostsystem/user/userManager/$b
2015-01-28T11:21:14,429 [INFO ][ult-dispatcher-7][                       InfoLoger] - Start Intent Manager
2015-01-28T11:21:14,602 [INFO ][ult-dispatcher-4][                       InfoLoger] - Start new UserActor akka://hostsystem/user/userManager/$a
2015-01-28T11:21:14,818 [INFO ][ult-dispatcher-2][                       InfoLoger] - Start new UserActor akka://hostsystem/user/userManager/$b
2015-01-28T11:22:30,999 [INFO ][ult-dispatcher-5][                       InfoLoger] - Start BD Manager
2015-01-28T11:22:31,372 [INFO ][ult-dispatcher-5][                       InfoLoger] - Start new UserActor akka://hostsystem/user/userManager/$a
2015-01-28T11:22:31,378 [INFO ][ult-dispatcher-7][                       InfoLoger] - Start new UserActor akka://hostsystem/user/userManager/$b
2015-01-28T11:25:35,747 [INFO ][ult-dispatcher-3][                       InfoLoger] - Start BD Manager
2015-01-28T11:25:35,780 [INFO ][ult-dispatcher-4][                       InfoLoger] - Start Intent Manager
2015-01-28T11:25:36,108 [INFO ][ult-dispatcher-5][                       InfoLoger] - Start new UserActor akka://hostsystem/user/userManager/$a
2015-01-28T11:25:36,108 [INFO ][ult-dispatcher-7][                       InfoLoger] - Start new UserActor akka://hostsystem/user/userManager/$b
2015-01-28T11:32:08,369 [INFO ][ult-dispatcher-5][                       InfoLoger] - Start BD Manager
2015-01-28T11:32:08,602 [INFO ][ult-dispatcher-8][                       InfoLoger] - Start new UserActor akka://hostsystem/user/userManager/$b
2015-01-28T11:32:08,602 [INFO ][ult-dispatcher-5][                       InfoLoger] - Start new UserActor akka://hostsystem/user/userManager/$a
2015-01-28T11:32:56,578 [INFO ][ult-dispatcher-4][                       InfoLoger] - Start Intent Manager
2015-01-28T11:32:56,594 [INFO ][ult-dispatcher-4][                       InfoLoger] - Start new UserActor akka://hostsystem/user/userManager/$a
2015-01-28T11:32:56,595 [INFO ][ult-dispatcher-4][                       InfoLoger] - Start new UserActor akka://hostsystem/user/userManager/$b
2015-01-28T11:34:49,669 [INFO ][ult-dispatcher-4][                       InfoLoger] - Start Intent Manager
2015-01-28T11:34:49,673 [INFO ][ult-dispatcher-4][                       InfoLoger] - Start new UserActor akka://hostsystem/user/userManager/$a
2015-01-28T11:34:49,674 [INFO ][ult-dispatcher-4][                       InfoLoger] - Start new UserActor akka://hostsystem/user/userManager/$b
2015-01-28T11:36:53,890 [INFO ][ult-dispatcher-2][                       InfoLoger] - Start BD Manager
2015-01-28T11:36:54,283 [INFO ][ult-dispatcher-3][                       InfoLoger] - Start new UserActor akka://hostsystem/user/userManager/$a
2015-01-28T11:36:54,283 [INFO ][ult-dispatcher-3][                       InfoLoger] - Start new UserActor akka://hostsystem/user/userManager/$b
2015-01-28T11:39:18,095 [INFO ][ult-dispatcher-4][                       InfoLoger] - Start Intent Manager
2015-01-28T11:39:18,098 [INFO ][ult-dispatcher-9][                       InfoLoger] - Start new UserActor akka://hostsystem/user/userManager/$b
2015-01-28T11:39:18,098 [INFO ][ult-dispatcher-5][                       InfoLoger] - Start new UserActor akka://hostsystem/user/userManager/$a
2015-01-28T11:40:37,141 [INFO ][ult-dispatcher-2][                       InfoLoger] - Start BD Manager
2015-01-28T11:40:37,610 [INFO ][ult-dispatcher-5][                       InfoLoger] - Start new UserActor akka://hostsystem/user/userManager/$a
2015-01-28T11:40:37,610 [INFO ][lt-dispatcher-10][                       InfoLoger] - Start new UserActor akka://hostsystem/user/userManager/$b
2015-01-28T11:40:59,253 [INFO ][ult-dispatcher-3][                       InfoLoger] - Start Intent Manager
2015-01-28T11:40:59,496 [INFO ][ult-dispatcher-8][                       InfoLoger] - Start new UserActor akka://hostsystem/user/userManager/$b
2015-01-28T11:40:59,499 [INFO ][ult-dispatcher-3][                       InfoLoger] - Start new UserActor akka://hostsystem/user/userManager/$a
2015-01-28T11:42:02,822 [INFO ][ult-dispatcher-2][                       InfoLoger] - Start Intent Manager
2015-01-28T11:42:02,865 [INFO ][lt-dispatcher-10][                       InfoLoger] - Start new UserActor akka://hostsystem/user/userManager/$b
2015-01-28T11:42:02,866 [INFO ][ult-dispatcher-3][                       InfoLoger] - Start new UserActor akka://hostsystem/user/userManager/$a
2015-01-28T11:43:50,622 [INFO ][ult-dispatcher-5][                       InfoLoger] - Start Intent Manager
2015-01-28T11:43:50,840 [INFO ][ult-dispatcher-7][                       InfoLoger] - Start new UserActor akka://hostsystem/user/userManager/$a
2015-01-28T11:43:50,841 [INFO ][lt-dispatcher-10][                       InfoLoger] - Start new UserActor akka://hostsystem/user/userManager/$b
2015-01-28T11:59:07,331 [INFO ][ult-dispatcher-2][                       InfoLoger] - Start Intent Manager
2015-01-28T11:59:07,671 [INFO ][ult-dispatcher-6][                       InfoLoger] - Start new UserActor akka://hostsystem/user/userManager/$a
2015-01-28T11:59:07,672 [INFO ][ult-dispatcher-6][                       InfoLoger] - Start new UserActor akka://hostsystem/user/userManager/$b
2015-01-28T12:27:38,361 [INFO ][ult-dispatcher-3][                       InfoLoger] - Start new UserActor akka://hostsystem/user/userManager/$a
2015-01-28T12:27:38,361 [INFO ][ult-dispatcher-2][                       InfoLoger] - Start new UserActor akka://hostsystem/user/userManager/$b
2015-01-28T12:27:38,396 [INFO ][ult-dispatcher-6][                       InfoLoger] - Start Intent Manager
2015-01-28T12:32:34,283 [INFO ][ult-dispatcher-3][                       InfoLoger] - Start BD Manager
2015-01-28T12:32:34,572 [INFO ][ult-dispatcher-3][                       InfoLoger] - Start new UserActor akka://hostsystem/user/userManager/$a
2015-01-28T12:32:34,572 [INFO ][ult-dispatcher-2][                       InfoLoger] - Start new UserActor akka://hostsystem/user/userManager/$b
2015-01-28T12:42:19,141 [INFO ][ult-dispatcher-6][                       InfoLoger] - Start new UserActor akka://hostsystem/user/userManager/$a
2015-01-28T12:42:19,168 [INFO ][ult-dispatcher-7][                       InfoLoger] - Start new UserActor akka://hostsystem/user/userManager/$b
2015-01-28T12:42:19,181 [INFO ][ult-dispatcher-5][                       InfoLoger] - Start Intent Manager
2015-01-28T12:44:40,321 [INFO ][ult-dispatcher-3][                       InfoLoger] - Start BD Manager
2015-01-28T12:44:40,608 [INFO ][ult-dispatcher-3][                       InfoLoger] - Start new UserActor akka://hostsystem/user/userManager/$a
2015-01-28T12:44:40,609 [INFO ][ult-dispatcher-4][                       InfoLoger] - Start new UserActor akka://hostsystem/user/userManager/$b
2015-01-28T12:47:24,702 [INFO ][ult-dispatcher-2][                       InfoLoger] - Start BD Manager
2015-01-28T12:47:25,113 [INFO ][ult-dispatcher-5][                       InfoLoger] - Start new UserActor akka://hostsystem/user/userManager/$a
2015-01-28T12:47:25,113 [INFO ][ult-dispatcher-4][                       InfoLoger] - Start new UserActor akka://hostsystem/user/userManager/$b
2015-01-28T12:51:49,435 [INFO ][ult-dispatcher-4][                       InfoLoger] - Start BD Manager
2015-01-28T12:51:49,881 [INFO ][ult-dispatcher-9][                       InfoLoger] - Start new UserActor akka://hostsystem/user/userManager/$b
2015-01-28T12:51:49,991 [INFO ][ult-dispatcher-5][                       InfoLoger] - Start new UserActor akka://hostsystem/user/userManager/$a
2015-01-28T12:51:54,383 [INFO ][ult-dispatcher-5][                       InfoLoger] - Start BD Manager
2015-01-28T12:51:56,068 [INFO ][ult-dispatcher-4][                       InfoLoger] - Start new UserActor akka://hostsystem/user/userManager/$a
2015-01-28T12:51:56,068 [INFO ][ult-dispatcher-7][                       InfoLoger] - Start new UserActor akka://hostsystem/user/userManager/$b
